2026-05-20 15:10:41,413 INFO HTTP Request: GET https://ztxehfpzmxzzhruitwso.supabase.co/rest/v1/cafes?select=id%2Cname%2Caddress%2Cgoogle_place_id%2Cgoogle_maps_url%2Cbusiness_status%2Cduplicate_of&id=in.%28915d403f-d07f-4c9a-a706-45356591a6ad%2Ca99e4f7b-4888-4bd2-ad2f-55941a488118%2Cd2c67b38-9b46-4cea-8619-9a3158ce0b66%2Ce31735c8-ce40-42d3-8367-9617f065d64a%2C609e019f-c349-44a1-be1e-5bb014bc1bd1%2C605b305f-339f-4966-9de0-fd9624e22a9f%2Cb3f28668-5bb5-4b34-9178-24976ab7f205%2Ceb6a87d8-55e4-42ac-9448-3f52cd69d537%2Cc8ab01cb-44f3-47cc-9292-e9b9b56a2db1%2C2b926c15-f5e6-4a47-994d-341962595d89%29 "HTTP/2 200 OK"
2026-05-20 15:10:41,490 INFO Picked 10 cafes to scrape
2026-05-20 15:10:45,295 INFO → More Cafe  (https://maps.google.com/?cid=10199387720588317236&g_mp=Cidnb29nbGUubWFwcy5wbGFjZXMudjEuUGxhY2VzLlNlYXJjaFRleHQQAhgEIAA&hl=zh-TW)
2026-05-20 15:10:55,109 INFO   meta: status=permanently_closed rating=4.7 reviews=None price=None phone=06 224 8830
2026-05-20 15:11:31,485 ERROR Review cards never appeared — screenshot at data/reviews/_debug_no_feed.png
2026-05-20 15:11:31,486 ERROR Failed on cafe=More Cafe: Locator.wait_for: Timeout 20000ms exceeded.
Call log:
  - waiting for locator("[data-review-id]").first to be visible
Traceback (most recent call last):
  File "/Users/ncchen/Documents/Coffee-Pocket/src/coffee_pocket/agents/google_scraper.py", line 824, in run
    result = scrape_one(
        page, cafe, max_reviews=max_reviews, max_age_days=max_age_days
    )
  File "/Users/ncchen/Documents/Coffee-Pocket/src/coffee_pocket/agents/google_scraper.py", line 512, in scrape_one
    _wait_reviews_panel(page)
    ~~~~~~~~~~~~~~~~~~~^^^^^^
  File "/Users/ncchen/Documents/Coffee-Pocket/src/coffee_pocket/agents/google_scraper.py", line 342, in _wait_reviews_panel
    page.locator('[data-review-id]').first.wait_for(state="visible", timeout=20000)
    ~~~~~~~~~~~~~~~~~~~~~~~~~~~~~~~~~~~~~~~~~~~~~~~^^^^^^^^^^^^^^^^^^^^^^^^^^^^^^^^
  File "/Users/ncchen/Documents/Coffee-Pocket/.venv/lib/python3.13/site-packages/playwright/sync_api/_generated.py", line 20048, in wait_for
    self._sync(
    ~~~~~~~~~~^
        self._impl_obj.wait_for(timeout=to_milliseconds(timeout), state=state)
        ^^^^^^^^^^^^^^^^^^^^^^^^^^^^^^^^^^^^^^^^^^^^^^^^^^^^^^^^^^^^^^^^^^^^^^
    )
    ^
  File "/Users/ncchen/Documents/Coffee-Pocket/.venv/lib/python3.13/site-packages/playwright/_impl/_sync_base.py", line 115, in _sync
    return task.result()
           ~~~~~~~~~~~^^
  File "/Users/ncchen/Documents/Coffee-Pocket/.venv/lib/python3.13/site-packages/playwright/_impl/_locator.py", line 741, in wait_for
    await self._frame.wait_for_selector(
        self._selector, strict=True, timeout=timeout, state=state
    )
  File "/Users/ncchen/Documents/Coffee-Pocket/.venv/lib/python3.13/site-packages/playwright/_impl/_frame.py", line 372, in wait_for_selector
    await self._channel.send(
        "waitForSelector", self._timeout, locals_to_params(locals())
    )
  File "/Users/ncchen/Documents/Coffee-Pocket/.venv/lib/python3.13/site-packages/playwright/_impl/_connection.py", line 69, in send
    return await self._connection.wrap_api_call(
           ^^^^^^^^^^^^^^^^^^^^^^^^^^^^^^^^^^^^^
    ...<3 lines>...
    )
    ^
  File "/Users/ncchen/Documents/Coffee-Pocket/.venv/lib/python3.13/site-packages/playwright/_impl/_connection.py", line 559, in wrap_api_call
    raise rewrite_error(error, f"{parsed_st['apiName']}: {error}") from None
playwright._impl._errors.TimeoutError: Locator.wait_for: Timeout 20000ms exceeded.
Call log:
  - waiting for locator("[data-review-id]").first to be visible

2026-05-20 15:11:31,491 INFO → 魚羊鮮豆 東豐店  (https://maps.google.com/?cid=14869571626721030986&g_mp=Cidnb29nbGUubWFwcy5wbGFjZXMudjEuUGxhY2VzLlNlYXJjaFRleHQQAhgEIAA&hl=zh-TW)
2026-05-20 15:11:35,693 INFO   meta: status=operational rating=4.2 reviews=None price=None phone=06 274 8718
2026-05-20 15:12:00,502 ERROR Review cards never appeared — screenshot at data/reviews/_debug_no_feed.png
2026-05-20 15:12:00,503 ERROR Failed on cafe=魚羊鮮豆 東豐店: Locator.wait_for: Timeout 20000ms exceeded.
Call log:
  - waiting for locator("[data-review-id]").first to be visible
Traceback (most recent call last):
  File "/Users/ncchen/Documents/Coffee-Pocket/src/coffee_pocket/agents/google_scraper.py", line 824, in run
    result = scrape_one(
        page, cafe, max_reviews=max_reviews, max_age_days=max_age_days
    )
  File "/Users/ncchen/Documents/Coffee-Pocket/src/coffee_pocket/agents/google_scraper.py", line 512, in scrape_one
    _wait_reviews_panel(page)
    ~~~~~~~~~~~~~~~~~~~^^^^^^
  File "/Users/ncchen/Documents/Coffee-Pocket/src/coffee_pocket/agents/google_scraper.py", line 342, in _wait_reviews_panel
    page.locator('[data-review-id]').first.wait_for(state="visible", timeout=20000)
    ~~~~~~~~~~~~~~~~~~~~~~~~~~~~~~~~~~~~~~~~~~~~~~~^^^^^^^^^^^^^^^^^^^^^^^^^^^^^^^^
  File "/Users/ncchen/Documents/Coffee-Pocket/.venv/lib/python3.13/site-packages/playwright/sync_api/_generated.py", line 20048, in wait_for
    self._sync(
    ~~~~~~~~~~^
        self._impl_obj.wait_for(timeout=to_milliseconds(timeout), state=state)
        ^^^^^^^^^^^^^^^^^^^^^^^^^^^^^^^^^^^^^^^^^^^^^^^^^^^^^^^^^^^^^^^^^^^^^^
    )
    ^
  File "/Users/ncchen/Documents/Coffee-Pocket/.venv/lib/python3.13/site-packages/playwright/_impl/_sync_base.py", line 115, in _sync
    return task.result()
           ~~~~~~~~~~~^^
  File "/Users/ncchen/Documents/Coffee-Pocket/.venv/lib/python3.13/site-packages/playwright/_impl/_locator.py", line 741, in wait_for
    await self._frame.wait_for_selector(
        self._selector, strict=True, timeout=timeout, state=state
    )
  File "/Users/ncchen/Documents/Coffee-Pocket/.venv/lib/python3.13/site-packages/playwright/_impl/_frame.py", line 372, in wait_for_selector
    await self._channel.send(
        "waitForSelector", self._timeout, locals_to_params(locals())
    )
  File "/Users/ncchen/Documents/Coffee-Pocket/.venv/lib/python3.13/site-packages/playwright/_impl/_connection.py", line 69, in send
    return await self._connection.wrap_api_call(
           ^^^^^^^^^^^^^^^^^^^^^^^^^^^^^^^^^^^^^
    ...<3 lines>...
    )
    ^
  File "/Users/ncchen/Documents/Coffee-Pocket/.venv/lib/python3.13/site-packages/playwright/_impl/_connection.py", line 559, in wrap_api_call
    raise rewrite_error(error, f"{parsed_st['apiName']}: {error}") from None
playwright._impl._errors.TimeoutError: Locator.wait_for: Timeout 20000ms exceeded.
Call log:
  - waiting for locator("[data-review-id]").first to be visible

2026-05-20 15:12:00,509 INFO → 鹿柴咖啡  (https://maps.google.com/?cid=12408958409187562276&g_mp=Cidnb29nbGUubWFwcy5wbGFjZXMudjEuUGxhY2VzLlNlYXJjaFRleHQQAhgEIAA&hl=zh-TW)
2026-05-20 15:12:04,775 INFO   meta: status=operational rating=4.6 reviews=None price=None phone=06 299 0200
2026-05-20 15:12:29,207 ERROR Review cards never appeared — screenshot at data/reviews/_debug_no_feed.png
2026-05-20 15:12:29,207 ERROR Failed on cafe=鹿柴咖啡: Locator.wait_for: Timeout 20000ms exceeded.
Call log:
  - waiting for locator("[data-review-id]").first to be visible
Traceback (most recent call last):
  File "/Users/ncchen/Documents/Coffee-Pocket/src/coffee_pocket/agents/google_scraper.py", line 824, in run
    result = scrape_one(
        page, cafe, max_reviews=max_reviews, max_age_days=max_age_days
    )
  File "/Users/ncchen/Documents/Coffee-Pocket/src/coffee_pocket/agents/google_scraper.py", line 512, in scrape_one
    _wait_reviews_panel(page)
    ~~~~~~~~~~~~~~~~~~~^^^^^^
  File "/Users/ncchen/Documents/Coffee-Pocket/src/coffee_pocket/agents/google_scraper.py", line 342, in _wait_reviews_panel
    page.locator('[data-review-id]').first.wait_for(state="visible", timeout=20000)
    ~~~~~~~~~~~~~~~~~~~~~~~~~~~~~~~~~~~~~~~~~~~~~~~^^^^^^^^^^^^^^^^^^^^^^^^^^^^^^^^
  File "/Users/ncchen/Documents/Coffee-Pocket/.venv/lib/python3.13/site-packages/playwright/sync_api/_generated.py", line 20048, in wait_for
    self._sync(
    ~~~~~~~~~~^
        self._impl_obj.wait_for(timeout=to_milliseconds(timeout), state=state)
        ^^^^^^^^^^^^^^^^^^^^^^^^^^^^^^^^^^^^^^^^^^^^^^^^^^^^^^^^^^^^^^^^^^^^^^
    )
    ^
  File "/Users/ncchen/Documents/Coffee-Pocket/.venv/lib/python3.13/site-packages/playwright/_impl/_sync_base.py", line 115, in _sync
    return task.result()
           ~~~~~~~~~~~^^
  File "/Users/ncchen/Documents/Coffee-Pocket/.venv/lib/python3.13/site-packages/playwright/_impl/_locator.py", line 741, in wait_for
    await self._frame.wait_for_selector(
        self._selector, strict=True, timeout=timeout, state=state
    )
  File "/Users/ncchen/Documents/Coffee-Pocket/.venv/lib/python3.13/site-packages/playwright/_impl/_frame.py", line 372, in wait_for_selector
    await self._channel.send(
        "waitForSelector", self._timeout, locals_to_params(locals())
    )
  File "/Users/ncchen/Documents/Coffee-Pocket/.venv/lib/python3.13/site-packages/playwright/_impl/_connection.py", line 69, in send
    return await self._connection.wrap_api_call(
           ^^^^^^^^^^^^^^^^^^^^^^^^^^^^^^^^^^^^^
    ...<3 lines>...
    )
    ^
  File "/Users/ncchen/Documents/Coffee-Pocket/.venv/lib/python3.13/site-packages/playwright/_impl/_connection.py", line 559, in wrap_api_call
    raise rewrite_error(error, f"{parsed_st['apiName']}: {error}") from None
playwright._impl._errors.TimeoutError: Locator.wait_for: Timeout 20000ms exceeded.
Call log:
  - waiting for locator("[data-review-id]").first to be visible

2026-05-20 15:12:29,217 INFO → kaffuns brew coffee 極萃咖啡  (https://maps.google.com/?cid=14371966548675220776&g_mp=Cidnb29nbGUubWFwcy5wbGFjZXMudjEuUGxhY2VzLlNlYXJjaFRleHQQAhgEIAA&hl=zh-TW)
2026-05-20 15:12:35,482 INFO   meta: status=operational rating=4.9 reviews=None price=None phone=06 298 6787
2026-05-20 15:12:59,763 ERROR Review cards never appeared — screenshot at data/reviews/_debug_no_feed.png
2026-05-20 15:12:59,763 ERROR Failed on cafe=kaffuns brew coffee 極萃咖啡: Locator.wait_for: Timeout 20000ms exceeded.
Call log:
  - waiting for locator("[data-review-id]").first to be visible
Traceback (most recent call last):
  File "/Users/ncchen/Documents/Coffee-Pocket/src/coffee_pocket/agents/google_scraper.py", line 824, in run
    result = scrape_one(
        page, cafe, max_reviews=max_reviews, max_age_days=max_age_days
    )
  File "/Users/ncchen/Documents/Coffee-Pocket/src/coffee_pocket/agents/google_scraper.py", line 512, in scrape_one
    _wait_reviews_panel(page)
    ~~~~~~~~~~~~~~~~~~~^^^^^^
  File "/Users/ncchen/Documents/Coffee-Pocket/src/coffee_pocket/agents/google_scraper.py", line 342, in _wait_reviews_panel
    page.locator('[data-review-id]').first.wait_for(state="visible", timeout=20000)
    ~~~~~~~~~~~~~~~~~~~~~~~~~~~~~~~~~~~~~~~~~~~~~~~^^^^^^^^^^^^^^^^^^^^^^^^^^^^^^^^
  File "/Users/ncchen/Documents/Coffee-Pocket/.venv/lib/python3.13/site-packages/playwright/sync_api/_generated.py", line 20048, in wait_for
    self._sync(
    ~~~~~~~~~~^
        self._impl_obj.wait_for(timeout=to_milliseconds(timeout), state=state)
        ^^^^^^^^^^^^^^^^^^^^^^^^^^^^^^^^^^^^^^^^^^^^^^^^^^^^^^^^^^^^^^^^^^^^^^
    )
    ^
  File "/Users/ncchen/Documents/Coffee-Pocket/.venv/lib/python3.13/site-packages/playwright/_impl/_sync_base.py", line 115, in _sync
    return task.result()
           ~~~~~~~~~~~^^
  File "/Users/ncchen/Documents/Coffee-Pocket/.venv/lib/python3.13/site-packages/playwright/_impl/_locator.py", line 741, in wait_for
    await self._frame.wait_for_selector(
        self._selector, strict=True, timeout=timeout, state=state
    )
  File "/Users/ncchen/Documents/Coffee-Pocket/.venv/lib/python3.13/site-packages/playwright/_impl/_frame.py", line 372, in wait_for_selector
    await self._channel.send(
        "waitForSelector", self._timeout, locals_to_params(locals())
    )
  File "/Users/ncchen/Documents/Coffee-Pocket/.venv/lib/python3.13/site-packages/playwright/_impl/_connection.py", line 69, in send
    return await self._connection.wrap_api_call(
           ^^^^^^^^^^^^^^^^^^^^^^^^^^^^^^^^^^^^^
    ...<3 lines>...
    )
    ^
  File "/Users/ncchen/Documents/Coffee-Pocket/.venv/lib/python3.13/site-packages/playwright/_impl/_connection.py", line 559, in wrap_api_call
    raise rewrite_error(error, f"{parsed_st['apiName']}: {error}") from None
playwright._impl._errors.TimeoutError: Locator.wait_for: Timeout 20000ms exceeded.
Call log:
  - waiting for locator("[data-review-id]").first to be visible

2026-05-20 15:12:59,767 INFO → IZZY CAFE  (https://maps.google.com/?cid=16189671232835183175&g_mp=Cidnb29nbGUubWFwcy5wbGFjZXMudjEuUGxhY2VzLlNlYXJjaFRleHQQAhgEIAA&hl=zh-TW)
2026-05-20 15:13:06,059 INFO   meta: status=operational rating=4.5 reviews=None price=None phone=06 358 8388
2026-05-20 15:13:30,352 ERROR Review cards never appeared — screenshot at data/reviews/_debug_no_feed.png
2026-05-20 15:13:30,352 ERROR Failed on cafe=IZZY CAFE: Locator.wait_for: Timeout 20000ms exceeded.
Call log:
  - waiting for locator("[data-review-id]").first to be visible
Traceback (most recent call last):
  File "/Users/ncchen/Documents/Coffee-Pocket/src/coffee_pocket/agents/google_scraper.py", line 824, in run
    result = scrape_one(
        page, cafe, max_reviews=max_reviews, max_age_days=max_age_days
    )
  File "/Users/ncchen/Documents/Coffee-Pocket/src/coffee_pocket/agents/google_scraper.py", line 512, in scrape_one
    _wait_reviews_panel(page)
    ~~~~~~~~~~~~~~~~~~~^^^^^^
  File "/Users/ncchen/Documents/Coffee-Pocket/src/coffee_pocket/agents/google_scraper.py", line 342, in _wait_reviews_panel
    page.locator('[data-review-id]').first.wait_for(state="visible", timeout=20000)
    ~~~~~~~~~~~~~~~~~~~~~~~~~~~~~~~~~~~~~~~~~~~~~~~^^^^^^^^^^^^^^^^^^^^^^^^^^^^^^^^
  File "/Users/ncchen/Documents/Coffee-Pocket/.venv/lib/python3.13/site-packages/playwright/sync_api/_generated.py", line 20048, in wait_for
    self._sync(
    ~~~~~~~~~~^
        self._impl_obj.wait_for(timeout=to_milliseconds(timeout), state=state)
        ^^^^^^^^^^^^^^^^^^^^^^^^^^^^^^^^^^^^^^^^^^^^^^^^^^^^^^^^^^^^^^^^^^^^^^
    )
    ^
  File "/Users/ncchen/Documents/Coffee-Pocket/.venv/lib/python3.13/site-packages/playwright/_impl/_sync_base.py", line 115, in _sync
    return task.result()
           ~~~~~~~~~~~^^
  File "/Users/ncchen/Documents/Coffee-Pocket/.venv/lib/python3.13/site-packages/playwright/_impl/_locator.py", line 741, in wait_for
    await self._frame.wait_for_selector(
        self._selector, strict=True, timeout=timeout, state=state
    )
  File "/Users/ncchen/Documents/Coffee-Pocket/.venv/lib/python3.13/site-packages/playwright/_impl/_frame.py", line 372, in wait_for_selector
    await self._channel.send(
        "waitForSelector", self._timeout, locals_to_params(locals())
    )
  File "/Users/ncchen/Documents/Coffee-Pocket/.venv/lib/python3.13/site-packages/playwright/_impl/_connection.py", line 69, in send
    return await self._connection.wrap_api_call(
           ^^^^^^^^^^^^^^^^^^^^^^^^^^^^^^^^^^^^^
    ...<3 lines>...
    )
    ^
  File "/Users/ncchen/Documents/Coffee-Pocket/.venv/lib/python3.13/site-packages/playwright/_impl/_connection.py", line 559, in wrap_api_call
    raise rewrite_error(error, f"{parsed_st['apiName']}: {error}") from None
playwright._impl._errors.TimeoutError: Locator.wait_for: Timeout 20000ms exceeded.
Call log:
  - waiting for locator("[data-review-id]").first to be visible

2026-05-20 15:13:30,358 INFO → 開普三號店  (https://maps.google.com/?cid=10101644743636310773&g_mp=Cidnb29nbGUubWFwcy5wbGFjZXMudjEuUGxhY2VzLlNlYXJjaFRleHQQAhgEIAA&hl=zh-TW)
2026-05-20 15:13:34,911 INFO   meta: status=permanently_closed rating=4.1 reviews=None price=None phone=06 208 8911
2026-05-20 15:14:11,327 ERROR Review cards never appeared — screenshot at data/reviews/_debug_no_feed.png
2026-05-20 15:14:11,328 ERROR Failed on cafe=開普三號店: Locator.wait_for: Timeout 20000ms exceeded.
Call log:
  - waiting for locator("[data-review-id]").first to be visible
Traceback (most recent call last):
  File "/Users/ncchen/Documents/Coffee-Pocket/src/coffee_pocket/agents/google_scraper.py", line 824, in run
    result = scrape_one(
        page, cafe, max_reviews=max_reviews, max_age_days=max_age_days
    )
  File "/Users/ncchen/Documents/Coffee-Pocket/src/coffee_pocket/agents/google_scraper.py", line 512, in scrape_one
    _wait_reviews_panel(page)
    ~~~~~~~~~~~~~~~~~~~^^^^^^
  File "/Users/ncchen/Documents/Coffee-Pocket/src/coffee_pocket/agents/google_scraper.py", line 342, in _wait_reviews_panel
    page.locator('[data-review-id]').first.wait_for(state="visible", timeout=20000)
    ~~~~~~~~~~~~~~~~~~~~~~~~~~~~~~~~~~~~~~~~~~~~~~~^^^^^^^^^^^^^^^^^^^^^^^^^^^^^^^^
  File "/Users/ncchen/Documents/Coffee-Pocket/.venv/lib/python3.13/site-packages/playwright/sync_api/_generated.py", line 20048, in wait_for
    self._sync(
    ~~~~~~~~~~^
        self._impl_obj.wait_for(timeout=to_milliseconds(timeout), state=state)
        ^^^^^^^^^^^^^^^^^^^^^^^^^^^^^^^^^^^^^^^^^^^^^^^^^^^^^^^^^^^^^^^^^^^^^^
    )
    ^
  File "/Users/ncchen/Documents/Coffee-Pocket/.venv/lib/python3.13/site-packages/playwright/_impl/_sync_base.py", line 115, in _sync
    return task.result()
           ~~~~~~~~~~~^^
  File "/Users/ncchen/Documents/Coffee-Pocket/.venv/lib/python3.13/site-packages/playwright/_impl/_locator.py", line 741, in wait_for
    await self._frame.wait_for_selector(
        self._selector, strict=True, timeout=timeout, state=state
    )
  File "/Users/ncchen/Documents/Coffee-Pocket/.venv/lib/python3.13/site-packages/playwright/_impl/_frame.py", line 372, in wait_for_selector
    await self._channel.send(
        "waitForSelector", self._timeout, locals_to_params(locals())
    )
  File "/Users/ncchen/Documents/Coffee-Pocket/.venv/lib/python3.13/site-packages/playwright/_impl/_connection.py", line 69, in send
    return await self._connection.wrap_api_call(
           ^^^^^^^^^^^^^^^^^^^^^^^^^^^^^^^^^^^^^
    ...<3 lines>...
    )
    ^
  File "/Users/ncchen/Documents/Coffee-Pocket/.venv/lib/python3.13/site-packages/playwright/_impl/_connection.py", line 559, in wrap_api_call
    raise rewrite_error(error, f"{parsed_st['apiName']}: {error}") from None
playwright._impl._errors.TimeoutError: Locator.wait_for: Timeout 20000ms exceeded.
Call log:
  - waiting for locator("[data-review-id]").first to be visible

2026-05-20 15:14:11,329 INFO → 花樓咖啡 Follow Coffee 二店  (https://maps.google.com/?cid=15396764963176642688&g_mp=Cidnb29nbGUubWFwcy5wbGFjZXMudjEuUGxhY2VzLlNlYXJjaFRleHQQAhgEIAA&hl=zh-TW)
2026-05-20 15:14:17,553 INFO   meta: status=operational rating=4 reviews=None price=None phone=06 221 0777
2026-05-20 15:14:41,857 ERROR Review cards never appeared — screenshot at data/reviews/_debug_no_feed.png
2026-05-20 15:14:41,857 ERROR Failed on cafe=花樓咖啡 Follow Coffee 二店: Locator.wait_for: Timeout 20000ms exceeded.
Call log:
  - waiting for locator("[data-review-id]").first to be visible
Traceback (most recent call last):
  File "/Users/ncchen/Documents/Coffee-Pocket/src/coffee_pocket/agents/google_scraper.py", line 824, in run
    result = scrape_one(
        page, cafe, max_reviews=max_reviews, max_age_days=max_age_days
    )
  File "/Users/ncchen/Documents/Coffee-Pocket/src/coffee_pocket/agents/google_scraper.py", line 512, in scrape_one
    _wait_reviews_panel(page)
    ~~~~~~~~~~~~~~~~~~~^^^^^^
  File "/Users/ncchen/Documents/Coffee-Pocket/src/coffee_pocket/agents/google_scraper.py", line 342, in _wait_reviews_panel
    page.locator('[data-review-id]').first.wait_for(state="visible", timeout=20000)
    ~~~~~~~~~~~~~~~~~~~~~~~~~~~~~~~~~~~~~~~~~~~~~~~^^^^^^^^^^^^^^^^^^^^^^^^^^^^^^^^
  File "/Users/ncchen/Documents/Coffee-Pocket/.venv/lib/python3.13/site-packages/playwright/sync_api/_generated.py", line 20048, in wait_for
    self._sync(
    ~~~~~~~~~~^
        self._impl_obj.wait_for(timeout=to_milliseconds(timeout), state=state)
        ^^^^^^^^^^^^^^^^^^^^^^^^^^^^^^^^^^^^^^^^^^^^^^^^^^^^^^^^^^^^^^^^^^^^^^
    )
    ^
  File "/Users/ncchen/Documents/Coffee-Pocket/.venv/lib/python3.13/site-packages/playwright/_impl/_sync_base.py", line 115, in _sync
    return task.result()
           ~~~~~~~~~~~^^
  File "/Users/ncchen/Documents/Coffee-Pocket/.venv/lib/python3.13/site-packages/playwright/_impl/_locator.py", line 741, in wait_for
    await self._frame.wait_for_selector(
        self._selector, strict=True, timeout=timeout, state=state
    )
  File "/Users/ncchen/Documents/Coffee-Pocket/.venv/lib/python3.13/site-packages/playwright/_impl/_frame.py", line 372, in wait_for_selector
    await self._channel.send(
        "waitForSelector", self._timeout, locals_to_params(locals())
    )
  File "/Users/ncchen/Documents/Coffee-Pocket/.venv/lib/python3.13/site-packages/playwright/_impl/_connection.py", line 69, in send
    return await self._connection.wrap_api_call(
           ^^^^^^^^^^^^^^^^^^^^^^^^^^^^^^^^^^^^^
    ...<3 lines>...
    )
    ^
  File "/Users/ncchen/Documents/Coffee-Pocket/.venv/lib/python3.13/site-packages/playwright/_impl/_connection.py", line 559, in wrap_api_call
    raise rewrite_error(error, f"{parsed_st['apiName']}: {error}") from None
playwright._impl._errors.TimeoutError: Locator.wait_for: Timeout 20000ms exceeded.
Call log:
  - waiting for locator("[data-review-id]").first to be visible

2026-05-20 15:14:41,860 INFO → 夢蟲 Worm Coffee Stand (To Go Only）  (https://maps.google.com/?cid=8832348848762217178&g_mp=Cidnb29nbGUubWFwcy5wbGFjZXMudjEuUGxhY2VzLlNlYXJjaFRleHQQAhgEIAA&hl=zh-TW)
2026-05-20 15:14:46,494 INFO   meta: status=operational rating=4.8 reviews=None price=None phone=None
2026-05-20 15:15:10,731 ERROR Review cards never appeared — screenshot at data/reviews/_debug_no_feed.png
2026-05-20 15:15:10,731 ERROR Failed on cafe=夢蟲 Worm Coffee Stand (To Go Only）: Locator.wait_for: Timeout 20000ms exceeded.
Call log:
  - waiting for locator("[data-review-id]").first to be visible
Traceback (most recent call last):
  File "/Users/ncchen/Documents/Coffee-Pocket/src/coffee_pocket/agents/google_scraper.py", line 824, in run
    result = scrape_one(
        page, cafe, max_reviews=max_reviews, max_age_days=max_age_days
    )
  File "/Users/ncchen/Documents/Coffee-Pocket/src/coffee_pocket/agents/google_scraper.py", line 512, in scrape_one
    _wait_reviews_panel(page)
    ~~~~~~~~~~~~~~~~~~~^^^^^^
  File "/Users/ncchen/Documents/Coffee-Pocket/src/coffee_pocket/agents/google_scraper.py", line 342, in _wait_reviews_panel
    page.locator('[data-review-id]').first.wait_for(state="visible", timeout=20000)
    ~~~~~~~~~~~~~~~~~~~~~~~~~~~~~~~~~~~~~~~~~~~~~~~^^^^^^^^^^^^^^^^^^^^^^^^^^^^^^^^
  File "/Users/ncchen/Documents/Coffee-Pocket/.venv/lib/python3.13/site-packages/playwright/sync_api/_generated.py", line 20048, in wait_for
    self._sync(
    ~~~~~~~~~~^
        self._impl_obj.wait_for(timeout=to_milliseconds(timeout), state=state)
        ^^^^^^^^^^^^^^^^^^^^^^^^^^^^^^^^^^^^^^^^^^^^^^^^^^^^^^^^^^^^^^^^^^^^^^
    )
    ^
  File "/Users/ncchen/Documents/Coffee-Pocket/.venv/lib/python3.13/site-packages/playwright/_impl/_sync_base.py", line 115, in _sync
    return task.result()
           ~~~~~~~~~~~^^
  File "/Users/ncchen/Documents/Coffee-Pocket/.venv/lib/python3.13/site-packages/playwright/_impl/_locator.py", line 741, in wait_for
    await self._frame.wait_for_selector(
        self._selector, strict=True, timeout=timeout, state=state
    )
  File "/Users/ncchen/Documents/Coffee-Pocket/.venv/lib/python3.13/site-packages/playwright/_impl/_frame.py", line 372, in wait_for_selector
    await self._channel.send(
        "waitForSelector", self._timeout, locals_to_params(locals())
    )
  File "/Users/ncchen/Documents/Coffee-Pocket/.venv/lib/python3.13/site-packages/playwright/_impl/_connection.py", line 69, in send
    return await self._connection.wrap_api_call(
           ^^^^^^^^^^^^^^^^^^^^^^^^^^^^^^^^^^^^^
    ...<3 lines>...
    )
    ^
  File "/Users/ncchen/Documents/Coffee-Pocket/.venv/lib/python3.13/site-packages/playwright/_impl/_connection.py", line 559, in wrap_api_call
    raise rewrite_error(error, f"{parsed_st['apiName']}: {error}") from None
playwright._impl._errors.TimeoutError: Locator.wait_for: Timeout 20000ms exceeded.
Call log:
  - waiting for locator("[data-review-id]").first to be visible

2026-05-20 15:15:10,732 INFO → 存憶 Cafe Bar  (https://maps.google.com/?cid=10749180695366189238&g_mp=Cidnb29nbGUubWFwcy5wbGFjZXMudjEuUGxhY2VzLlNlYXJjaFRleHQQAhgEIAA&hl=zh-TW)
2026-05-20 15:15:17,025 INFO   meta: status=operational rating=4.7 reviews=None price=None phone=0915 699 290
2026-05-20 15:15:41,275 ERROR Review cards never appeared — screenshot at data/reviews/_debug_no_feed.png
2026-05-20 15:15:41,275 ERROR Failed on cafe=存憶 Cafe Bar: Locator.wait_for: Timeout 20000ms exceeded.
Call log:
  - waiting for locator("[data-review-id]").first to be visible
Traceback (most recent call last):
  File "/Users/ncchen/Documents/Coffee-Pocket/src/coffee_pocket/agents/google_scraper.py", line 824, in run
    result = scrape_one(
        page, cafe, max_reviews=max_reviews, max_age_days=max_age_days
    )
  File "/Users/ncchen/Documents/Coffee-Pocket/src/coffee_pocket/agents/google_scraper.py", line 512, in scrape_one
    _wait_reviews_panel(page)
    ~~~~~~~~~~~~~~~~~~~^^^^^^
  File "/Users/ncchen/Documents/Coffee-Pocket/src/coffee_pocket/agents/google_scraper.py", line 342, in _wait_reviews_panel
    page.locator('[data-review-id]').first.wait_for(state="visible", timeout=20000)
    ~~~~~~~~~~~~~~~~~~~~~~~~~~~~~~~~~~~~~~~~~~~~~~~^^^^^^^^^^^^^^^^^^^^^^^^^^^^^^^^
  File "/Users/ncchen/Documents/Coffee-Pocket/.venv/lib/python3.13/site-packages/playwright/sync_api/_generated.py", line 20048, in wait_for
    self._sync(
    ~~~~~~~~~~^
        self._impl_obj.wait_for(timeout=to_milliseconds(timeout), state=state)
        ^^^^^^^^^^^^^^^^^^^^^^^^^^^^^^^^^^^^^^^^^^^^^^^^^^^^^^^^^^^^^^^^^^^^^^
    )
    ^
  File "/Users/ncchen/Documents/Coffee-Pocket/.venv/lib/python3.13/site-packages/playwright/_impl/_sync_base.py", line 115, in _sync
    return task.result()
           ~~~~~~~~~~~^^
  File "/Users/ncchen/Documents/Coffee-Pocket/.venv/lib/python3.13/site-packages/playwright/_impl/_locator.py", line 741, in wait_for
    await self._frame.wait_for_selector(
        self._selector, strict=True, timeout=timeout, state=state
    )
  File "/Users/ncchen/Documents/Coffee-Pocket/.venv/lib/python3.13/site-packages/playwright/_impl/_frame.py", line 372, in wait_for_selector
    await self._channel.send(
        "waitForSelector", self._timeout, locals_to_params(locals())
    )
  File "/Users/ncchen/Documents/Coffee-Pocket/.venv/lib/python3.13/site-packages/playwright/_impl/_connection.py", line 69, in send
    return await self._connection.wrap_api_call(
           ^^^^^^^^^^^^^^^^^^^^^^^^^^^^^^^^^^^^^
    ...<3 lines>...
    )
    ^
  File "/Users/ncchen/Documents/Coffee-Pocket/.venv/lib/python3.13/site-packages/playwright/_impl/_connection.py", line 559, in wrap_api_call
    raise rewrite_error(error, f"{parsed_st['apiName']}: {error}") from None
playwright._impl._errors.TimeoutError: Locator.wait_for: Timeout 20000ms exceeded.
Call log:
  - waiting for locator("[data-review-id]").first to be visible

2026-05-20 15:15:41,276 INFO → 窄門咖啡館  (https://maps.google.com/?cid=581900569953332083&g_mp=Cidnb29nbGUubWFwcy5wbGFjZXMudjEuUGxhY2VzLlNlYXJjaFRleHQQAhgEIAA&hl=zh-TW)
2026-05-20 15:15:45,434 INFO   meta: status=operational rating=4.5 reviews=None price=None phone=06 211 0508
2026-05-20 15:16:09,695 ERROR Review cards never appeared — screenshot at data/reviews/_debug_no_feed.png
2026-05-20 15:16:09,695 ERROR Failed on cafe=窄門咖啡館: Locator.wait_for: Timeout 20000ms exceeded.
Call log:
  - waiting for locator("[data-review-id]").first to be visible
Traceback (most recent call last):
  File "/Users/ncchen/Documents/Coffee-Pocket/src/coffee_pocket/agents/google_scraper.py", line 824, in run
    result = scrape_one(
        page, cafe, max_reviews=max_reviews, max_age_days=max_age_days
    )
  File "/Users/ncchen/Documents/Coffee-Pocket/src/coffee_pocket/agents/google_scraper.py", line 512, in scrape_one
    _wait_reviews_panel(page)
    ~~~~~~~~~~~~~~~~~~~^^^^^^
  File "/Users/ncchen/Documents/Coffee-Pocket/src/coffee_pocket/agents/google_scraper.py", line 342, in _wait_reviews_panel
    page.locator('[data-review-id]').first.wait_for(state="visible", timeout=20000)
    ~~~~~~~~~~~~~~~~~~~~~~~~~~~~~~~~~~~~~~~~~~~~~~~^^^^^^^^^^^^^^^^^^^^^^^^^^^^^^^^
  File "/Users/ncchen/Documents/Coffee-Pocket/.venv/lib/python3.13/site-packages/playwright/sync_api/_generated.py", line 20048, in wait_for
    self._sync(
    ~~~~~~~~~~^
        self._impl_obj.wait_for(timeout=to_milliseconds(timeout), state=state)
        ^^^^^^^^^^^^^^^^^^^^^^^^^^^^^^^^^^^^^^^^^^^^^^^^^^^^^^^^^^^^^^^^^^^^^^
    )
    ^
  File "/Users/ncchen/Documents/Coffee-Pocket/.venv/lib/python3.13/site-packages/playwright/_impl/_sync_base.py", line 115, in _sync
    return task.result()
           ~~~~~~~~~~~^^
  File "/Users/ncchen/Documents/Coffee-Pocket/.venv/lib/python3.13/site-packages/playwright/_impl/_locator.py", line 741, in wait_for
    await self._frame.wait_for_selector(
        self._selector, strict=True, timeout=timeout, state=state
    )
  File "/Users/ncchen/Documents/Coffee-Pocket/.venv/lib/python3.13/site-packages/playwright/_impl/_frame.py", line 372, in wait_for_selector
    await self._channel.send(
        "waitForSelector", self._timeout, locals_to_params(locals())
    )
  File "/Users/ncchen/Documents/Coffee-Pocket/.venv/lib/python3.13/site-packages/playwright/_impl/_connection.py", line 69, in send
    return await self._connection.wrap_api_call(
           ^^^^^^^^^^^^^^^^^^^^^^^^^^^^^^^^^^^^^
    ...<3 lines>...
    )
    ^
  File "/Users/ncchen/Documents/Coffee-Pocket/.venv/lib/python3.13/site-packages/playwright/_impl/_connection.py", line 559, in wrap_api_call
    raise rewrite_error(error, f"{parsed_st['apiName']}: {error}") from None
playwright._impl._errors.TimeoutError: Locator.wait_for: Timeout 20000ms exceeded.
Call log:
  - waiting for locator("[data-review-id]").first to be visible

